2014-11-27 19:32:24	lavender/Session.php(145)	1212	session timeout on server side.
#0 lavender/Session.php(125): Lavender\Session->read_data()
#1 lavender/Session.php(35): Lavender\Session->init()
#2 lavender/WebPage.php(126): Lavender\Session->is_valid()
#3 lavender/WebPage.php(82): Lavender\WebPage->execute('index')
#4 app/wwwroot/index.php(18): Lavender\WebPage::run(Array)
#5 {main}
2014-11-27 19:42:31	app/Action/address.php(82)	1022	file error:Array
#0 app/Action/address.php(62): App\Action\Address->upload_file(Array)
#1 lavender/WebPage.php(132): App\Action\Address->add_submit_action()
#2 lavender/WebPage.php(82): Lavender\WebPage->execute('add_submit')
#3 app/wwwroot/index.php(18): Lavender\WebPage::run(Array)
#4 {main}
2014-11-27 19:44:47	app/Action/address.php(83)	1022	file error:Array
#0 app/Action/address.php(63): App\Action\Address->upload_file(Array)
#1 lavender/WebPage.php(132): App\Action\Address->add_submit_action()
#2 lavender/WebPage.php(82): Lavender\WebPage->execute('add_submit')
#3 app/wwwroot/index.php(18): Lavender\WebPage::run(Array)
#4 {main}
2014-11-27 19:44:48	app/Action/address.php(83)	1022	file error:Array
#0 app/Action/address.php(63): App\Action\Address->upload_file(Array)
#1 lavender/WebPage.php(132): App\Action\Address->add_submit_action()
#2 lavender/WebPage.php(82): Lavender\WebPage->execute('add_submit')
#3 app/wwwroot/index.php(18): Lavender\WebPage::run(Array)
#4 {main}
2014-11-27 19:44:51	app/Action/address.php(83)	1022	file error:Array
#0 app/Action/address.php(63): App\Action\Address->upload_file(Array)
#1 lavender/WebPage.php(132): App\Action\Address->add_submit_action()
#2 lavender/WebPage.php(82): Lavender\WebPage->execute('add_submit')
#3 app/wwwroot/index.php(18): Lavender\WebPage::run(Array)
#4 {main}
2014-11-27 19:45:04	lavender/WebPage.php(191)	1301	View not found:address/add_submit
#0 lavender/WebPage.php(135): Lavender\WebPage->render(NULL)
#1 lavender/WebPage.php(82): Lavender\WebPage->execute('add_submit')
#2 app/wwwroot/index.php(18): Lavender\WebPage::run(Array)
#3 {main}
2014-11-27 19:45:09	lavender/WebPage.php(191)	1301	View not found:address/add_submit
#0 lavender/WebPage.php(135): Lavender\WebPage->render(NULL)
#1 lavender/WebPage.php(82): Lavender\WebPage->execute('add_submit')
#2 app/wwwroot/index.php(18): Lavender\WebPage::run(Array)
#3 {main}
2014-11-27 19:45:24	app/Action/address.php(83)	1022	file error:Array
#0 app/Action/address.php(63): App\Action\Address->upload_file(Array)
#1 lavender/WebPage.php(132): App\Action\Address->add_submit_action()
#2 lavender/WebPage.php(82): Lavender\WebPage->execute('add_submit')
#3 app/wwwroot/index.php(18): Lavender\WebPage::run(Array)
#4 {main}
2014-11-27 19:48:14	app/Action/address.php(87)	1022	file error:
#0 app/Action/address.php(60): App\Action\Address->upload_file(NULL)
#1 lavender/WebPage.php(132): App\Action\Address->add_submit_action()
#2 lavender/WebPage.php(82): Lavender\WebPage->execute('add_submit')
#3 app/wwwroot/index.php(18): Lavender\WebPage::run(Array)
#4 {main}
2014-11-27 19:48:36	app/Action/address.php(87)	1022	file error:
#0 app/Action/address.php(60): App\Action\Address->upload_file(NULL)
#1 lavender/WebPage.php(132): App\Action\Address->add_submit_action()
#2 lavender/WebPage.php(82): Lavender\WebPage->execute('add_submit')
#3 app/wwwroot/index.php(18): Lavender\WebPage::run(Array)
#4 {main}
2014-11-27 19:53:59	lavender/WebPage.php(191)	1301	View not found:address/add_submit
#0 lavender/WebPage.php(135): Lavender\WebPage->render(NULL)
#1 lavender/WebPage.php(82): Lavender\WebPage->execute('add_submit')
#2 app/wwwroot/index.php(18): Lavender\WebPage::run(Array)
#3 {main}
2014-11-27 19:55:44	lavender/WebPage.php(191)	1301	View not found:address/add_submit
#0 lavender/WebPage.php(135): Lavender\WebPage->render(NULL)
#1 lavender/WebPage.php(82): Lavender\WebPage->execute('add_submit')
#2 app/wwwroot/index.php(18): Lavender\WebPage::run(Array)
#3 {main}
2014-11-27 20:07:23	app/Action/address.php(95)	1022	file error:4
#0 app/Action/address.php(69): App\Action\Address->upload_file(Array)
#1 lavender/WebPage.php(132): App\Action\Address->add_submit_action()
#2 lavender/WebPage.php(82): Lavender\WebPage->execute('add_submit')
#3 app/wwwroot/index.php(18): Lavender\WebPage::run(Array)
#4 {main}
2014-11-27 20:08:55	app/Action/address.php(95)	1022	file error:4
#0 app/Action/address.php(69): App\Action\Address->upload_file(Array)
#1 lavender/WebPage.php(132): App\Action\Address->add_submit_action()
#2 lavender/WebPage.php(82): Lavender\WebPage->execute('add_submit')
#3 app/wwwroot/index.php(18): Lavender\WebPage::run(Array)
#4 {main}
2014-11-27 20:09:03	app/Action/address.php(95)	1022	file error:4
#0 app/Action/address.php(69): App\Action\Address->upload_file(Array)
#1 lavender/WebPage.php(132): App\Action\Address->add_submit_action()
#2 lavender/WebPage.php(82): Lavender\WebPage->execute('add_submit')
#3 app/wwwroot/index.php(18): Lavender\WebPage::run(Array)
#4 {main}
2014-11-27 20:09:53	app/Action/address.php(96)	1022	file error:4
#0 app/Action/address.php(70): App\Action\Address->upload_file(Array)
#1 lavender/WebPage.php(132): App\Action\Address->add_submit_action()
#2 lavender/WebPage.php(82): Lavender\WebPage->execute('add_submit')
#3 app/wwwroot/index.php(18): Lavender\WebPage::run(Array)
#4 {main}
2014-11-27 20:11:29	app/Action/address.php(98)	1022	file error:4
#0 app/Action/address.php(71): App\Action\Address->upload_file(Array)
#1 lavender/WebPage.php(132): App\Action\Address->add_submit_action()
#2 lavender/WebPage.php(82): Lavender\WebPage->execute('add_submit')
#3 app/wwwroot/index.php(18): Lavender\WebPage::run(Array)
#4 {main}
2014-11-27 20:14:20	lavender/WebPage.php(191)	1301	View not found:address/add_submit
#0 lavender/WebPage.php(135): Lavender\WebPage->render(NULL)
#1 lavender/WebPage.php(82): Lavender\WebPage->execute('add_submit')
#2 app/wwwroot/index.php(18): Lavender\WebPage::run(Array)
#3 {main}
2014-11-27 20:17:04	lavender/WebPage.php(191)	1301	View not found:address/add_submit
#0 lavender/WebPage.php(135): Lavender\WebPage->render(NULL)
#1 lavender/WebPage.php(82): Lavender\WebPage->execute('add_submit')
#2 app/wwwroot/index.php(18): Lavender\WebPage::run(Array)
#3 {main}
2014-11-27 20:18:05	lavender/WebPage.php(191)	1301	View not found:address/add_submit
#0 lavender/WebPage.php(135): Lavender\WebPage->render(NULL)
#1 lavender/WebPage.php(82): Lavender\WebPage->execute('add_submit')
#2 app/wwwroot/index.php(18): Lavender\WebPage::run(Array)
#3 {main}
2014-11-27 20:26:47	lavender/WebPage.php(191)	1301	View not found:address/add_submit
#0 lavender/WebPage.php(135): Lavender\WebPage->render(NULL)
#1 lavender/WebPage.php(82): Lavender\WebPage->execute('add_submit')
#2 app/wwwroot/index.php(18): Lavender\WebPage::run(Array)
#3 {main}
2014-11-27 20:26:51	lavender/WebPage.php(191)	1301	View not found:address/add_submit
#0 lavender/WebPage.php(135): Lavender\WebPage->render(NULL)
#1 lavender/WebPage.php(82): Lavender\WebPage->execute('add_submit')
#2 app/wwwroot/index.php(18): Lavender\WebPage::run(Array)
#3 {main}
2014-11-27 20:32:24	lavender/WebPage.php(191)	1301	View not found:address/add_submit
#0 lavender/WebPage.php(135): Lavender\WebPage->render(NULL)
#1 lavender/WebPage.php(82): Lavender\WebPage->execute('add_submit')
#2 app/wwwroot/index.php(18): Lavender\WebPage::run(Array)
#3 {main}
2014-11-27 20:32:39	lavender/WebPage.php(191)	1301	View not found:address/add_submit
#0 lavender/WebPage.php(135): Lavender\WebPage->render(NULL)
#1 lavender/WebPage.php(82): Lavender\WebPage->execute('add_submit')
#2 app/wwwroot/index.php(18): Lavender\WebPage::run(Array)
#3 {main}
2014-11-27 20:32:45	lavender/WebPage.php(191)	1301	View not found:address/add_submit
#0 lavender/WebPage.php(135): Lavender\WebPage->render(NULL)
#1 lavender/WebPage.php(82): Lavender\WebPage->execute('add_submit')
#2 app/wwwroot/index.php(18): Lavender\WebPage::run(Array)
#3 {main}
2014-11-27 20:32:49	lavender/WebPage.php(191)	1301	View not found:address/add_submit
#0 lavender/WebPage.php(135): Lavender\WebPage->render(NULL)
#1 lavender/WebPage.php(82): Lavender\WebPage->execute('add_submit')
#2 app/wwwroot/index.php(18): Lavender\WebPage::run(Array)
#3 {main}
2014-11-27 20:34:31	lavender/WebPage.php(191)	1301	View not found:address/add_submit
#0 lavender/WebPage.php(135): Lavender\WebPage->render(NULL)
#1 lavender/WebPage.php(82): Lavender\WebPage->execute('add_submit')
#2 app/wwwroot/index.php(18): Lavender\WebPage::run(Array)
#3 {main}
2014-11-27 20:35:42	lavender/WebPage.php(191)	1301	View not found:address/add_submit
#0 lavender/WebPage.php(135): Lavender\WebPage->render(NULL)
#1 lavender/WebPage.php(82): Lavender\WebPage->execute('add_submit')
#2 app/wwwroot/index.php(18): Lavender\WebPage::run(Array)
#3 {main}
2014-11-27 20:44:07	lavender/WebPage.php(191)	1301	View not found:address/add_submit
#0 lavender/WebPage.php(135): Lavender\WebPage->render(NULL)
#1 lavender/WebPage.php(82): Lavender\WebPage->execute('add_submit')
#2 app/wwwroot/index.php(18): Lavender\WebPage::run(Array)
#3 {main}
2014-11-27 20:46:47	lavender/WebPage.php(191)	1301	View not found:address/add_submit
#0 lavender/WebPage.php(135): Lavender\WebPage->render(NULL)
#1 lavender/WebPage.php(82): Lavender\WebPage->execute('add_submit')
#2 app/wwwroot/index.php(18): Lavender\WebPage::run(Array)
#3 {main}
2014-11-27 20:46:59	lavender/WebPage.php(191)	1301	View not found:address/add_submit
#0 lavender/WebPage.php(135): Lavender\WebPage->render(NULL)
#1 lavender/WebPage.php(82): Lavender\WebPage->execute('add_submit')
#2 app/wwwroot/index.php(18): Lavender\WebPage::run(Array)
#3 {main}
2014-11-27 20:47:34	lavender/WebPage.php(191)	1301	View not found:address/add_submit
#0 lavender/WebPage.php(135): Lavender\WebPage->render(NULL)
#1 lavender/WebPage.php(82): Lavender\WebPage->execute('add_submit')
#2 app/wwwroot/index.php(18): Lavender\WebPage::run(Array)
#3 {main}
2014-11-27 20:47:47	lavender/WebPage.php(191)	1301	View not found:address/add_submit
#0 lavender/WebPage.php(135): Lavender\WebPage->render(NULL)
#1 lavender/WebPage.php(82): Lavender\WebPage->execute('add_submit')
#2 app/wwwroot/index.php(18): Lavender\WebPage::run(Array)
#3 {main}
2014-11-27 20:50:38	lavender/WebPage.php(191)	1301	View not found:address/add_submit
#0 lavender/WebPage.php(135): Lavender\WebPage->render(NULL)
#1 lavender/WebPage.php(82): Lavender\WebPage->execute('add_submit')
#2 app/wwwroot/index.php(18): Lavender\WebPage::run(Array)
#3 {main}
2014-11-27 20:50:44	lavender/WebPage.php(191)	1301	View not found:address/add_submit
#0 lavender/WebPage.php(135): Lavender\WebPage->render(NULL)
#1 lavender/WebPage.php(82): Lavender\WebPage->execute('add_submit')
#2 app/wwwroot/index.php(18): Lavender\WebPage::run(Array)
#3 {main}
2014-11-27 22:25:11	lavender/Session.php(145)	1212	session timeout on server side.
#0 lavender/Session.php(125): Lavender\Session->read_data()
#1 lavender/Session.php(35): Lavender\Session->init()
#2 lavender/WebPage.php(126): Lavender\Session->is_valid()
#3 lavender/WebPage.php(82): Lavender\WebPage->execute('index')
#4 app/wwwroot/index.php(18): Lavender\WebPage::run(Array)
#5 {main}
