2014-11-12 20:49:52	lavender/WebPage.php(294)	1023	Parameter 'username' is required
#0 app/Action/passport.php(26): Lavender\WebPage->parameters(Array, 2, true)
#1 lavender/WebPage.php(132): App\Action\Passport->login_submit_action()
#2 lavender/WebPage.php(82): Lavender\WebPage->execute('login_submit')
#3 app/wwwroot/index.php(16): Lavender\WebPage::run(Array)
#4 {main}
2014-11-12 20:49:52	lavender/WebPage.php(190)	1301	View not found:common/error
#0 lavender/WebPage.php(202): Lavender\WebPage->render(Array)
#1 lavender/WebPage.php(142): Lavender\WebPage->render_error('Parameter 'user...', 1023)
#2 lavender/WebPage.php(82): Lavender\WebPage->execute('login_submit')
#3 app/wwwroot/index.php(16): Lavender\WebPage::run(Array)
#4 {main}
2014-11-12 20:51:18	lavender/WebPage.php(294)	1023	Parameter 'username' is required
#0 app/Action/passport.php(26): Lavender\WebPage->parameters(Array, 2, true)
#1 lavender/WebPage.php(132): App\Action\Passport->login_submit_action()
#2 lavender/WebPage.php(82): Lavender\WebPage->execute('login_submit')
#3 app/wwwroot/index.php(16): Lavender\WebPage::run(Array)
#4 {main}
2014-11-12 20:51:18	lavender/WebPage.php(190)	1301	View not found:common/error
#0 lavender/WebPage.php(202): Lavender\WebPage->render(Array)
#1 lavender/WebPage.php(142): Lavender\WebPage->render_error('Parameter 'user...', 1023)
#2 lavender/WebPage.php(82): Lavender\WebPage->execute('login_submit')
#3 app/wwwroot/index.php(16): Lavender\WebPage::run(Array)
#4 {main}
2014-11-12 20:56:47	lavender/WebPage.php(294)	1023	Parameter 'username' is required
#0 app/Action/passport.php(26): Lavender\WebPage->parameters(Array, 2, true)
#1 lavender/WebPage.php(132): App\Action\Passport->login_submit_action()
#2 lavender/WebPage.php(82): Lavender\WebPage->execute('login_submit')
#3 app/wwwroot/index.php(16): Lavender\WebPage::run(Array)
#4 {main}
2014-11-12 20:57:29	lavender/WebPage.php(294)	1023	Parameter 'username' is required
#0 app/Action/passport.php(26): Lavender\WebPage->parameters(Array, 2, true)
#1 lavender/WebPage.php(132): App\Action\Passport->login_submit_action()
#2 lavender/WebPage.php(82): Lavender\WebPage->execute('login_submit')
#3 app/wwwroot/index.php(16): Lavender\WebPage::run(Array)
#4 {main}
2014-11-12 20:57:29	lavender/WebPage.php(190)	1301	View not found:common/error
#0 lavender/WebPage.php(202): Lavender\WebPage->render(Array)
#1 lavender/WebPage.php(142): Lavender\WebPage->render_error('Parameter 'user...', 1023)
#2 lavender/WebPage.php(82): Lavender\WebPage->execute('login_submit')
#3 app/wwwroot/index.php(16): Lavender\WebPage::run(Array)
#4 {main}
2014-11-12 20:58:24	lavender/WebPage.php(294)	1023	Parameter 'username' is required
#0 app/Action/passport.php(26): Lavender\WebPage->parameters(Array, 2, true)
#1 lavender/WebPage.php(132): App\Action\Passport->login_submit_action()
#2 lavender/WebPage.php(82): Lavender\WebPage->execute('login_submit')
#3 app/wwwroot/index.php(16): Lavender\WebPage::run(Array)
#4 {main}
2014-11-12 20:58:24	lavender/WebPage.php(190)	1301	View not found:common/error
#0 lavender/WebPage.php(202): Lavender\WebPage->render(Array)
#1 lavender/WebPage.php(142): Lavender\WebPage->render_error('Parameter 'user...', 1023)
#2 lavender/WebPage.php(82): Lavender\WebPage->execute('login_submit')
#3 app/wwwroot/index.php(16): Lavender\WebPage::run(Array)
#4 {main}
2014-11-12 20:58:31	lavender/WebPage.php(294)	1023	Parameter 'username' is required
#0 app/Action/passport.php(26): Lavender\WebPage->parameters(Array, 2, true)
#1 lavender/WebPage.php(132): App\Action\Passport->login_submit_action()
#2 lavender/WebPage.php(82): Lavender\WebPage->execute('login_submit')
#3 app/wwwroot/index.php(16): Lavender\WebPage::run(Array)
#4 {main}
2014-11-12 20:58:31	lavender/WebPage.php(190)	1301	View not found:common/error
#0 lavender/WebPage.php(202): Lavender\WebPage->render(Array)
#1 lavender/WebPage.php(142): Lavender\WebPage->render_error('Parameter 'user...', 1023)
#2 lavender/WebPage.php(82): Lavender\WebPage->execute('login_submit')
#3 app/wwwroot/index.php(16): Lavender\WebPage::run(Array)
#4 {main}
2014-11-12 20:58:43	lavender/WebPage.php(294)	1023	Parameter 'username' is required
#0 app/Action/passport.php(26): Lavender\WebPage->parameters(Array, 2, true)
#1 lavender/WebPage.php(132): App\Action\Passport->login_submit_action()
#2 lavender/WebPage.php(82): Lavender\WebPage->execute('login_submit')
#3 app/wwwroot/index.php(16): Lavender\WebPage::run(Array)
#4 {main}
2014-11-12 20:58:43	lavender/WebPage.php(190)	1301	View not found:common/error
#0 lavender/WebPage.php(202): Lavender\WebPage->render(Array)
#1 lavender/WebPage.php(142): Lavender\WebPage->render_error('Parameter 'user...', 1023)
#2 lavender/WebPage.php(82): Lavender\WebPage->execute('login_submit')
#3 app/wwwroot/index.php(16): Lavender\WebPage::run(Array)
#4 {main}
2014-11-12 20:59:11	lavender/WebPage.php(294)	1023	Parameter 'username' is required
#0 app/Action/passport.php(26): Lavender\WebPage->parameters(Array, 2, true)
#1 lavender/WebPage.php(132): App\Action\Passport->login_submit_action()
#2 lavender/WebPage.php(82): Lavender\WebPage->execute('login_submit')
#3 app/wwwroot/index.php(16): Lavender\WebPage::run(Array)
#4 {main}
2014-11-12 20:59:11	lavender/WebPage.php(190)	1301	View not found:common/error
#0 lavender/WebPage.php(202): Lavender\WebPage->render(Array)
#1 lavender/WebPage.php(142): Lavender\WebPage->render_error('Parameter 'user...', 1023)
#2 lavender/WebPage.php(82): Lavender\WebPage->execute('login_submit')
#3 app/wwwroot/index.php(16): Lavender\WebPage::run(Array)
#4 {main}
2014-11-12 20:59:28	lavender/WebPage.php(294)	1023	Parameter 'username' is required
#0 app/Action/passport.php(26): Lavender\WebPage->parameters(Array, 2, true)
#1 lavender/WebPage.php(132): App\Action\Passport->login_submit_action()
#2 lavender/WebPage.php(82): Lavender\WebPage->execute('login_submit')
#3 app/wwwroot/index.php(16): Lavender\WebPage::run(Array)
#4 {main}
2014-11-12 20:59:28	lavender/WebPage.php(190)	1301	View not found:common/error
#0 lavender/WebPage.php(202): Lavender\WebPage->render(Array)
#1 lavender/WebPage.php(142): Lavender\WebPage->render_error('Parameter 'user...', 1023)
#2 lavender/WebPage.php(82): Lavender\WebPage->execute('login_submit')
#3 app/wwwroot/index.php(16): Lavender\WebPage::run(Array)
#4 {main}
2014-11-12 21:00:02	lavender/WebPage.php(294)	1023	Parameter 'passport' is required
#0 app/Action/passport.php(26): Lavender\WebPage->parameters(Array, 2, true)
#1 lavender/WebPage.php(132): App\Action\Passport->login_submit_action()
#2 lavender/WebPage.php(82): Lavender\WebPage->execute('login_submit')
#3 app/wwwroot/index.php(16): Lavender\WebPage::run(Array)
#4 {main}
2014-11-12 21:00:02	lavender/WebPage.php(190)	1301	View not found:common/error
#0 lavender/WebPage.php(202): Lavender\WebPage->render(Array)
#1 lavender/WebPage.php(142): Lavender\WebPage->render_error('Parameter 'pass...', 1023)
#2 lavender/WebPage.php(82): Lavender\WebPage->execute('login_submit')
#3 app/wwwroot/index.php(16): Lavender\WebPage::run(Array)
#4 {main}
2014-11-12 21:00:11	lavender/WebPage.php(294)	1023	Parameter 'passport' is required
#0 app/Action/passport.php(26): Lavender\WebPage->parameters(Array, 2, true)
#1 lavender/WebPage.php(132): App\Action\Passport->login_submit_action()
#2 lavender/WebPage.php(82): Lavender\WebPage->execute('login_submit')
#3 app/wwwroot/index.php(16): Lavender\WebPage::run(Array)
#4 {main}
2014-11-12 21:00:11	lavender/WebPage.php(190)	1301	View not found:common/error
#0 lavender/WebPage.php(202): Lavender\WebPage->render(Array)
#1 lavender/WebPage.php(142): Lavender\WebPage->render_error('Parameter 'pass...', 1023)
#2 lavender/WebPage.php(82): Lavender\WebPage->execute('login_submit')
#3 app/wwwroot/index.php(16): Lavender\WebPage::run(Array)
#4 {main}
2014-11-12 21:00:36	lavender/WebPage.php(190)	1301	View not found:passport/login_submit
#0 lavender/WebPage.php(135): Lavender\WebPage->render(Array)
#1 lavender/WebPage.php(82): Lavender\WebPage->execute('login_submit')
#2 app/wwwroot/index.php(16): Lavender\WebPage::run(Array)
#3 {main}
2014-11-12 21:00:36	lavender/WebPage.php(190)	1301	View not found:common/error
#0 lavender/WebPage.php(202): Lavender\WebPage->render(Array)
#1 lavender/WebPage.php(142): Lavender\WebPage->render_error('View not found:...', 1301)
#2 lavender/WebPage.php(82): Lavender\WebPage->execute('login_submit')
#3 app/wwwroot/index.php(16): Lavender\WebPage::run(Array)
#4 {main}
2014-11-12 21:08:39	lavender/WebPage.php(190)	1301	View not found:passport/login_submit
#0 lavender/WebPage.php(135): Lavender\WebPage->render(NULL)
#1 lavender/WebPage.php(82): Lavender\WebPage->execute('login_submit')
#2 app/wwwroot/index.php(16): Lavender\WebPage::run(Array)
#3 {main}
2014-11-12 21:08:39	lavender/WebPage.php(190)	1301	View not found:common/error
#0 lavender/WebPage.php(202): Lavender\WebPage->render(Array)
#1 lavender/WebPage.php(142): Lavender\WebPage->render_error('View not found:...', 1301)
#2 lavender/WebPage.php(82): Lavender\WebPage->execute('login_submit')
#3 app/wwwroot/index.php(16): Lavender\WebPage::run(Array)
#4 {main}
2014-11-12 21:09:06	lavender/WebPage.php(127)	1201	auth verify failed
#0 lavender/WebPage.php(82): Lavender\WebPage->execute('index')
#1 app/wwwroot/index.php(16): Lavender\WebPage::run(Array)
#2 {main}
2014-11-12 21:09:06	lavender/WebPage.php(190)	1301	View not found:common/error
#0 lavender/WebPage.php(213): Lavender\WebPage->render(Array)
#1 lavender/WebPage.php(139): Lavender\WebPage->render_auth_error('auth verify fai...', 1201)
#2 lavender/WebPage.php(82): Lavender\WebPage->execute('index')
#3 app/wwwroot/index.php(16): Lavender\WebPage::run(Array)
#4 {main}
2014-11-12 21:18:19	lavender/Session.php(74)	1213	session id undefined.
#0 lavender/Session.php(56): Lavender\Session->make_key()
#1 app/Action/passport.php(28): Lavender\Session->create(NULL, 1415798299, 1415801899)
#2 lavender/WebPage.php(132): App\Action\Passport->login_submit_action()
#3 lavender/WebPage.php(82): Lavender\WebPage->execute('login_submit')
#4 app/wwwroot/index.php(16): Lavender\WebPage::run(Array)
#5 {main}
2014-11-12 21:18:19	lavender/WebPage.php(190)	1301	View not found:common/error
#0 lavender/WebPage.php(202): Lavender\WebPage->render(Array)
#1 lavender/WebPage.php(142): Lavender\WebPage->render_error('session id unde...', 1213)
#2 lavender/WebPage.php(82): Lavender\WebPage->execute('login_submit')
#3 app/wwwroot/index.php(16): Lavender\WebPage::run(Array)
#4 {main}
2014-11-12 21:18:43	lavender/WebPage.php(190)	1301	View not found:passport/login_submit
#0 lavender/WebPage.php(135): Lavender\WebPage->render(NULL)
#1 lavender/WebPage.php(82): Lavender\WebPage->execute('login_submit')
#2 app/wwwroot/index.php(16): Lavender\WebPage::run(Array)
#3 {main}
2014-11-12 21:18:43	lavender/WebPage.php(190)	1301	View not found:common/error
#0 lavender/WebPage.php(202): Lavender\WebPage->render(Array)
#1 lavender/WebPage.php(142): Lavender\WebPage->render_error('View not found:...', 1301)
#2 lavender/WebPage.php(82): Lavender\WebPage->execute('login_submit')
#3 app/wwwroot/index.php(16): Lavender\WebPage::run(Array)
#4 {main}
2014-11-12 21:18:43	lavender/Session.php(121)	1211	session key invalid.
#0 lavender/Session.php(35): Lavender\Session->init()
#1 lavender/WebPage.php(126): Lavender\Session->is_valid()
#2 lavender/WebPage.php(82): Lavender\WebPage->execute('index')
#3 app/wwwroot/index.php(16): Lavender\WebPage::run(Array)
#4 {main}
2014-11-12 21:18:43	lavender/WebPage.php(190)	1301	View not found:common/error
#0 lavender/WebPage.php(213): Lavender\WebPage->render(Array)
#1 lavender/WebPage.php(139): Lavender\WebPage->render_auth_error('session key inv...', 1211)
#2 lavender/WebPage.php(82): Lavender\WebPage->execute('index')
#3 app/wwwroot/index.php(16): Lavender\WebPage::run(Array)
#4 {main}
2014-11-12 21:18:51	lavender/WebPage.php(127)	1201	auth verify failed
#0 lavender/WebPage.php(82): Lavender\WebPage->execute('index')
#1 app/wwwroot/index.php(16): Lavender\WebPage::run(Array)
#2 {main}
2014-11-12 21:18:51	lavender/WebPage.php(190)	1301	View not found:common/error
#0 lavender/WebPage.php(213): Lavender\WebPage->render(Array)
#1 lavender/WebPage.php(139): Lavender\WebPage->render_auth_error('auth verify fai...', 1201)
#2 lavender/WebPage.php(82): Lavender\WebPage->execute('index')
#3 app/wwwroot/index.php(16): Lavender\WebPage::run(Array)
#4 {main}
2014-11-12 21:19:07	lavender/WebPage.php(190)	1301	View not found:passport/login_submit
#0 lavender/WebPage.php(135): Lavender\WebPage->render(NULL)
#1 lavender/WebPage.php(82): Lavender\WebPage->execute('login_submit')
#2 app/wwwroot/index.php(16): Lavender\WebPage::run(Array)
#3 {main}
2014-11-12 21:19:07	lavender/WebPage.php(190)	1301	View not found:common/error
#0 lavender/WebPage.php(202): Lavender\WebPage->render(Array)
#1 lavender/WebPage.php(142): Lavender\WebPage->render_error('View not found:...', 1301)
#2 lavender/WebPage.php(82): Lavender\WebPage->execute('login_submit')
#3 app/wwwroot/index.php(16): Lavender\WebPage::run(Array)
#4 {main}
2014-11-12 21:19:07	lavender/Session.php(121)	1211	session key invalid.
#0 lavender/Session.php(35): Lavender\Session->init()
#1 lavender/WebPage.php(126): Lavender\Session->is_valid()
#2 lavender/WebPage.php(82): Lavender\WebPage->execute('index')
#3 app/wwwroot/index.php(16): Lavender\WebPage::run(Array)
#4 {main}
2014-11-12 21:19:07	lavender/WebPage.php(190)	1301	View not found:common/error
#0 lavender/WebPage.php(213): Lavender\WebPage->render(Array)
#1 lavender/WebPage.php(139): Lavender\WebPage->render_auth_error('session key inv...', 1211)
#2 lavender/WebPage.php(82): Lavender\WebPage->execute('index')
#3 app/wwwroot/index.php(16): Lavender\WebPage::run(Array)
#4 {main}
2014-11-12 21:20:26	lavender/WebPage.php(190)	1301	View not found:passport/login_submit
#0 lavender/WebPage.php(135): Lavender\WebPage->render(NULL)
#1 lavender/WebPage.php(82): Lavender\WebPage->execute('login_submit')
#2 app/wwwroot/index.php(16): Lavender\WebPage::run(Array)
#3 {main}
2014-11-12 21:20:26	lavender/WebPage.php(190)	1301	View not found:common/error
#0 lavender/WebPage.php(202): Lavender\WebPage->render(Array)
#1 lavender/WebPage.php(142): Lavender\WebPage->render_error('View not found:...', 1301)
#2 lavender/WebPage.php(82): Lavender\WebPage->execute('login_submit')
#3 app/wwwroot/index.php(16): Lavender\WebPage::run(Array)
#4 {main}
2014-11-12 21:20:26	lavender/Session.php(121)	1211	session key invalid.
#0 lavender/Session.php(35): Lavender\Session->init()
#1 lavender/WebPage.php(126): Lavender\Session->is_valid()
#2 lavender/WebPage.php(82): Lavender\WebPage->execute('index')
#3 app/wwwroot/index.php(16): Lavender\WebPage::run(Array)
#4 {main}
2014-11-12 21:20:26	lavender/WebPage.php(190)	1301	View not found:common/error
#0 lavender/WebPage.php(213): Lavender\WebPage->render(Array)
#1 lavender/WebPage.php(139): Lavender\WebPage->render_auth_error('session key inv...', 1211)
#2 lavender/WebPage.php(82): Lavender\WebPage->execute('index')
#3 app/wwwroot/index.php(16): Lavender\WebPage::run(Array)
#4 {main}
2014-11-12 21:23:26	lavender/WebPage.php(127)	1201	auth verify failed
#0 lavender/WebPage.php(82): Lavender\WebPage->execute('index')
#1 app/wwwroot/index.php(16): Lavender\WebPage::run(Array)
#2 {main}
2014-11-12 21:23:26	lavender/WebPage.php(190)	1301	View not found:common/error
#0 lavender/WebPage.php(213): Lavender\WebPage->render(Array)
#1 lavender/WebPage.php(139): Lavender\WebPage->render_auth_error('auth verify fai...', 1201)
#2 lavender/WebPage.php(82): Lavender\WebPage->execute('index')
#3 app/wwwroot/index.php(16): Lavender\WebPage::run(Array)
#4 {main}
2014-11-12 21:23:30	lavender/WebPage.php(190)	1301	View not found:passport/login_submit
#0 lavender/WebPage.php(135): Lavender\WebPage->render(NULL)
#1 lavender/WebPage.php(82): Lavender\WebPage->execute('login_submit')
#2 app/wwwroot/index.php(16): Lavender\WebPage::run(Array)
#3 {main}
2014-11-12 21:23:30	lavender/WebPage.php(190)	1301	View not found:common/error
#0 lavender/WebPage.php(202): Lavender\WebPage->render(Array)
#1 lavender/WebPage.php(142): Lavender\WebPage->render_error('View not found:...', 1301)
#2 lavender/WebPage.php(82): Lavender\WebPage->execute('login_submit')
#3 app/wwwroot/index.php(16): Lavender\WebPage::run(Array)
#4 {main}
2014-11-12 21:23:30	lavender/Session.php(122)	1211	session key invalid.
#0 lavender/Session.php(35): Lavender\Session->init()
#1 lavender/WebPage.php(126): Lavender\Session->is_valid()
#2 lavender/WebPage.php(82): Lavender\WebPage->execute('index')
#3 app/wwwroot/index.php(16): Lavender\WebPage::run(Array)
#4 {main}
2014-11-12 21:23:30	lavender/WebPage.php(190)	1301	View not found:common/error
#0 lavender/WebPage.php(213): Lavender\WebPage->render(Array)
#1 lavender/WebPage.php(139): Lavender\WebPage->render_auth_error('session key inv...', 1211)
#2 lavender/WebPage.php(82): Lavender\WebPage->execute('index')
#3 app/wwwroot/index.php(16): Lavender\WebPage::run(Array)
#4 {main}
2014-11-12 21:24:03	lavender/WebPage.php(127)	1201	auth verify failed
#0 lavender/WebPage.php(82): Lavender\WebPage->execute('index')
#1 app/wwwroot/index.php(16): Lavender\WebPage::run(Array)
#2 {main}
2014-11-12 21:24:03	lavender/WebPage.php(190)	1301	View not found:common/error
#0 lavender/WebPage.php(213): Lavender\WebPage->render(Array)
#1 lavender/WebPage.php(139): Lavender\WebPage->render_auth_error('auth verify fai...', 1201)
#2 lavender/WebPage.php(82): Lavender\WebPage->execute('index')
#3 app/wwwroot/index.php(16): Lavender\WebPage::run(Array)
#4 {main}
2014-11-12 21:24:08	lavender/WebPage.php(190)	1301	View not found:passport/login_submit
#0 lavender/WebPage.php(135): Lavender\WebPage->render(NULL)
#1 lavender/WebPage.php(82): Lavender\WebPage->execute('login_submit')
#2 app/wwwroot/index.php(16): Lavender\WebPage::run(Array)
#3 {main}
2014-11-12 21:24:08	lavender/WebPage.php(190)	1301	View not found:common/error
#0 lavender/WebPage.php(202): Lavender\WebPage->render(Array)
#1 lavender/WebPage.php(142): Lavender\WebPage->render_error('View not found:...', 1301)
#2 lavender/WebPage.php(82): Lavender\WebPage->execute('login_submit')
#3 app/wwwroot/index.php(16): Lavender\WebPage::run(Array)
#4 {main}
2014-11-12 21:24:08	lavender/Session.php(122)	1211	session key invalid.
#0 lavender/Session.php(36): Lavender\Session->init()
#1 lavender/WebPage.php(126): Lavender\Session->is_valid()
#2 lavender/WebPage.php(82): Lavender\WebPage->execute('index')
#3 app/wwwroot/index.php(16): Lavender\WebPage::run(Array)
#4 {main}
2014-11-12 21:24:08	lavender/WebPage.php(190)	1301	View not found:common/error
#0 lavender/WebPage.php(213): Lavender\WebPage->render(Array)
#1 lavender/WebPage.php(139): Lavender\WebPage->render_auth_error('session key inv...', 1211)
#2 lavender/WebPage.php(82): Lavender\WebPage->execute('index')
#3 app/wwwroot/index.php(16): Lavender\WebPage::run(Array)
#4 {main}
2014-11-12 21:24:20	lavender/WebPage.php(127)	1201	auth verify failed
#0 lavender/WebPage.php(82): Lavender\WebPage->execute('index')
#1 app/wwwroot/index.php(16): Lavender\WebPage::run(Array)
#2 {main}
2014-11-12 21:24:20	lavender/WebPage.php(190)	1301	View not found:common/error
#0 lavender/WebPage.php(213): Lavender\WebPage->render(Array)
#1 lavender/WebPage.php(139): Lavender\WebPage->render_auth_error('auth verify fai...', 1201)
#2 lavender/WebPage.php(82): Lavender\WebPage->execute('index')
#3 app/wwwroot/index.php(16): Lavender\WebPage::run(Array)
#4 {main}
2014-11-12 21:25:15	lavender/WebPage.php(127)	1201	auth verify failed
#0 lavender/WebPage.php(82): Lavender\WebPage->execute('index')
#1 app/wwwroot/index.php(16): Lavender\WebPage::run(Array)
#2 {main}
2014-11-12 21:25:15	lavender/WebPage.php(190)	1301	View not found:common/error
#0 lavender/WebPage.php(213): Lavender\WebPage->render(Array)
#1 lavender/WebPage.php(139): Lavender\WebPage->render_auth_error('auth verify fai...', 1201)
#2 lavender/WebPage.php(82): Lavender\WebPage->execute('index')
#3 app/wwwroot/index.php(16): Lavender\WebPage::run(Array)
#4 {main}
2014-11-12 21:25:37	lavender/WebPage.php(127)	1201	auth verify failed
#0 lavender/WebPage.php(82): Lavender\WebPage->execute('index')
#1 app/wwwroot/index.php(16): Lavender\WebPage::run(Array)
#2 {main}
2014-11-12 21:25:37	lavender/WebPage.php(190)	1301	View not found:common/error
#0 lavender/WebPage.php(213): Lavender\WebPage->render(Array)
#1 lavender/WebPage.php(139): Lavender\WebPage->render_auth_error('auth verify fai...', 1201)
#2 lavender/WebPage.php(82): Lavender\WebPage->execute('index')
#3 app/wwwroot/index.php(16): Lavender\WebPage::run(Array)
#4 {main}
2014-11-12 21:25:42	lavender/WebPage.php(190)	1301	View not found:passport/login_submit
#0 lavender/WebPage.php(135): Lavender\WebPage->render(NULL)
#1 lavender/WebPage.php(82): Lavender\WebPage->execute('login_submit')
#2 app/wwwroot/index.php(16): Lavender\WebPage::run(Array)
#3 {main}
2014-11-12 21:25:42	lavender/WebPage.php(190)	1301	View not found:common/error
#0 lavender/WebPage.php(202): Lavender\WebPage->render(Array)
#1 lavender/WebPage.php(142): Lavender\WebPage->render_error('View not found:...', 1301)
#2 lavender/WebPage.php(82): Lavender\WebPage->execute('login_submit')
#3 app/wwwroot/index.php(16): Lavender\WebPage::run(Array)
#4 {main}
2014-11-12 21:25:42	lavender/Session.php(122)	1211	session key invalid.
#0 lavender/Session.php(36): Lavender\Session->init()
#1 lavender/WebPage.php(126): Lavender\Session->is_valid()
#2 lavender/WebPage.php(82): Lavender\WebPage->execute('index')
#3 app/wwwroot/index.php(16): Lavender\WebPage::run(Array)
#4 {main}
2014-11-12 21:25:42	lavender/WebPage.php(190)	1301	View not found:common/error
#0 lavender/WebPage.php(213): Lavender\WebPage->render(Array)
#1 lavender/WebPage.php(139): Lavender\WebPage->render_auth_error('session key inv...', 1211)
#2 lavender/WebPage.php(82): Lavender\WebPage->execute('index')
#3 app/wwwroot/index.php(16): Lavender\WebPage::run(Array)
#4 {main}
2014-11-12 21:26:14	lavender/WebPage.php(127)	1201	auth verify failed
#0 lavender/WebPage.php(82): Lavender\WebPage->execute('index')
#1 app/wwwroot/index.php(16): Lavender\WebPage::run(Array)
#2 {main}
2014-11-12 21:26:14	lavender/WebPage.php(190)	1301	View not found:common/error
#0 lavender/WebPage.php(213): Lavender\WebPage->render(Array)
#1 lavender/WebPage.php(139): Lavender\WebPage->render_auth_error('auth verify fai...', 1201)
#2 lavender/WebPage.php(82): Lavender\WebPage->execute('index')
#3 app/wwwroot/index.php(16): Lavender\WebPage::run(Array)
#4 {main}
2014-11-12 21:26:18	lavender/WebPage.php(190)	1301	View not found:passport/login_submit
#0 lavender/WebPage.php(135): Lavender\WebPage->render(NULL)
#1 lavender/WebPage.php(82): Lavender\WebPage->execute('login_submit')
#2 app/wwwroot/index.php(16): Lavender\WebPage::run(Array)
#3 {main}
2014-11-12 21:26:18	lavender/WebPage.php(190)	1301	View not found:common/error
#0 lavender/WebPage.php(202): Lavender\WebPage->render(Array)
#1 lavender/WebPage.php(142): Lavender\WebPage->render_error('View not found:...', 1301)
#2 lavender/WebPage.php(82): Lavender\WebPage->execute('login_submit')
#3 app/wwwroot/index.php(16): Lavender\WebPage::run(Array)
#4 {main}
2014-11-12 21:26:18	lavender/Session.php(122)	1211	session key invalid.
#0 lavender/Session.php(36): Lavender\Session->init()
#1 lavender/WebPage.php(126): Lavender\Session->is_valid()
#2 lavender/WebPage.php(82): Lavender\WebPage->execute('index')
#3 app/wwwroot/index.php(16): Lavender\WebPage::run(Array)
#4 {main}
2014-11-12 21:26:18	lavender/WebPage.php(190)	1301	View not found:common/error
#0 lavender/WebPage.php(213): Lavender\WebPage->render(Array)
#1 lavender/WebPage.php(139): Lavender\WebPage->render_auth_error('session key inv...', 1211)
#2 lavender/WebPage.php(82): Lavender\WebPage->execute('index')
#3 app/wwwroot/index.php(16): Lavender\WebPage::run(Array)
#4 {main}
2014-11-12 21:26:30	lavender/WebPage.php(190)	1301	View not found:passport/login_submit
#0 lavender/WebPage.php(135): Lavender\WebPage->render(NULL)
#1 lavender/WebPage.php(82): Lavender\WebPage->execute('login_submit')
#2 app/wwwroot/index.php(16): Lavender\WebPage::run(Array)
#3 {main}
2014-11-12 21:26:30	lavender/WebPage.php(190)	1301	View not found:common/error
#0 lavender/WebPage.php(202): Lavender\WebPage->render(Array)
#1 lavender/WebPage.php(142): Lavender\WebPage->render_error('View not found:...', 1301)
#2 lavender/WebPage.php(82): Lavender\WebPage->execute('login_submit')
#3 app/wwwroot/index.php(16): Lavender\WebPage::run(Array)
#4 {main}
2014-11-12 21:26:48	lavender/WebPage.php(190)	1301	View not found:passport/login_submit
#0 lavender/WebPage.php(135): Lavender\WebPage->render(NULL)
#1 lavender/WebPage.php(82): Lavender\WebPage->execute('login_submit')
#2 app/wwwroot/index.php(16): Lavender\WebPage::run(Array)
#3 {main}
2014-11-12 21:26:48	lavender/WebPage.php(190)	1301	View not found:common/error
#0 lavender/WebPage.php(202): Lavender\WebPage->render(Array)
#1 lavender/WebPage.php(142): Lavender\WebPage->render_error('View not found:...', 1301)
#2 lavender/WebPage.php(82): Lavender\WebPage->execute('login_submit')
#3 app/wwwroot/index.php(16): Lavender\WebPage::run(Array)
#4 {main}
2014-11-12 21:26:54	lavender/WebPage.php(190)	1301	View not found:passport/login_submit
#0 lavender/WebPage.php(135): Lavender\WebPage->render(NULL)
#1 lavender/WebPage.php(82): Lavender\WebPage->execute('login_submit')
#2 app/wwwroot/index.php(16): Lavender\WebPage::run(Array)
#3 {main}
2014-11-12 21:26:54	lavender/WebPage.php(190)	1301	View not found:common/error
#0 lavender/WebPage.php(202): Lavender\WebPage->render(Array)
#1 lavender/WebPage.php(142): Lavender\WebPage->render_error('View not found:...', 1301)
#2 lavender/WebPage.php(82): Lavender\WebPage->execute('login_submit')
#3 app/wwwroot/index.php(16): Lavender\WebPage::run(Array)
#4 {main}
2014-11-12 21:27:50	lavender/WebPage.php(190)	1301	View not found:passport/login_submit
#0 lavender/WebPage.php(135): Lavender\WebPage->render(NULL)
#1 lavender/WebPage.php(82): Lavender\WebPage->execute('login_submit')
#2 app/wwwroot/index.php(16): Lavender\WebPage::run(Array)
#3 {main}
2014-11-12 21:27:50	lavender/WebPage.php(190)	1301	View not found:common/error
#0 lavender/WebPage.php(202): Lavender\WebPage->render(Array)
#1 lavender/WebPage.php(142): Lavender\WebPage->render_error('View not found:...', 1301)
#2 lavender/WebPage.php(82): Lavender\WebPage->execute('login_submit')
#3 app/wwwroot/index.php(16): Lavender\WebPage::run(Array)
#4 {main}
2014-11-12 21:28:05	lavender/WebPage.php(190)	1301	View not found:passport/login_submit
#0 lavender/WebPage.php(135): Lavender\WebPage->render(NULL)
#1 lavender/WebPage.php(82): Lavender\WebPage->execute('login_submit')
#2 app/wwwroot/index.php(16): Lavender\WebPage::run(Array)
#3 {main}
2014-11-12 21:28:05	lavender/WebPage.php(190)	1301	View not found:common/error
#0 lavender/WebPage.php(202): Lavender\WebPage->render(Array)
#1 lavender/WebPage.php(142): Lavender\WebPage->render_error('View not found:...', 1301)
#2 lavender/WebPage.php(82): Lavender\WebPage->execute('login_submit')
#3 app/wwwroot/index.php(16): Lavender\WebPage::run(Array)
#4 {main}
2014-11-12 21:41:45	lavender/WebPage.php(190)	1301	View not found:passport/login_submit
#0 lavender/WebPage.php(135): Lavender\WebPage->render(NULL)
#1 lavender/WebPage.php(82): Lavender\WebPage->execute('login_submit')
#2 app/wwwroot/index.php(16): Lavender\WebPage::run(Array)
#3 {main}
2014-11-12 21:41:45	lavender/WebPage.php(190)	1301	View not found:common/error
#0 lavender/WebPage.php(202): Lavender\WebPage->render(Array)
#1 lavender/WebPage.php(142): Lavender\WebPage->render_error('View not found:...', 1301)
#2 lavender/WebPage.php(82): Lavender\WebPage->execute('login_submit')
#3 app/wwwroot/index.php(16): Lavender\WebPage::run(Array)
#4 {main}
2014-11-12 21:41:45	lavender/Session.php(125)	1211	session key invalid.
#0 lavender/Session.php(38): Lavender\Session->init()
#1 lavender/WebPage.php(126): Lavender\Session->is_valid()
#2 lavender/WebPage.php(82): Lavender\WebPage->execute('index')
#3 app/wwwroot/index.php(16): Lavender\WebPage::run(Array)
#4 {main}
2014-11-12 21:41:45	lavender/WebPage.php(190)	1301	View not found:common/error
#0 lavender/WebPage.php(213): Lavender\WebPage->render(Array)
#1 lavender/WebPage.php(139): Lavender\WebPage->render_auth_error('session key inv...', 1211)
#2 lavender/WebPage.php(82): Lavender\WebPage->execute('index')
#3 app/wwwroot/index.php(16): Lavender\WebPage::run(Array)
#4 {main}
2014-11-12 21:42:49	lavender/WebPage.php(127)	1201	auth verify failed
#0 lavender/WebPage.php(82): Lavender\WebPage->execute('index')
#1 app/wwwroot/index.php(16): Lavender\WebPage::run(Array)
#2 {main}
2014-11-12 21:42:49	lavender/WebPage.php(190)	1301	View not found:common/error
#0 lavender/WebPage.php(213): Lavender\WebPage->render(Array)
#1 lavender/WebPage.php(139): Lavender\WebPage->render_auth_error('auth verify fai...', 1201)
#2 lavender/WebPage.php(82): Lavender\WebPage->execute('index')
#3 app/wwwroot/index.php(16): Lavender\WebPage::run(Array)
#4 {main}
2014-11-12 21:43:20	lavender/WebPage.php(127)	1201	auth verify failed
#0 lavender/WebPage.php(82): Lavender\WebPage->execute('index')
#1 app/wwwroot/index.php(16): Lavender\WebPage::run(Array)
#2 {main}
2014-11-12 21:43:20	lavender/WebPage.php(190)	1301	View not found:common/error
#0 lavender/WebPage.php(213): Lavender\WebPage->render(Array)
#1 lavender/WebPage.php(139): Lavender\WebPage->render_auth_error('auth verify fai...', 1201)
#2 lavender/WebPage.php(82): Lavender\WebPage->execute('index')
#3 app/wwwroot/index.php(16): Lavender\WebPage::run(Array)
#4 {main}
2014-11-12 21:43:21	lavender/WebPage.php(127)	1201	auth verify failed
#0 lavender/WebPage.php(82): Lavender\WebPage->execute('index')
#1 app/wwwroot/index.php(16): Lavender\WebPage::run(Array)
#2 {main}
2014-11-12 21:43:21	lavender/WebPage.php(190)	1301	View not found:common/error
#0 lavender/WebPage.php(213): Lavender\WebPage->render(Array)
#1 lavender/WebPage.php(139): Lavender\WebPage->render_auth_error('auth verify fai...', 1201)
#2 lavender/WebPage.php(82): Lavender\WebPage->execute('index')
#3 app/wwwroot/index.php(16): Lavender\WebPage::run(Array)
#4 {main}
2014-11-12 21:43:41	lavender/WebPage.php(127)	1201	auth verify failed
#0 lavender/WebPage.php(82): Lavender\WebPage->execute('index')
#1 app/wwwroot/index.php(16): Lavender\WebPage::run(Array)
#2 {main}
2014-11-12 21:43:41	lavender/WebPage.php(190)	1301	View not found:common/error
#0 lavender/WebPage.php(213): Lavender\WebPage->render(Array)
#1 lavender/WebPage.php(139): Lavender\WebPage->render_auth_error('auth verify fai...', 1201)
#2 lavender/WebPage.php(82): Lavender\WebPage->execute('index')
#3 app/wwwroot/index.php(16): Lavender\WebPage::run(Array)
#4 {main}
2014-11-12 21:45:12	lavender/WebPage.php(127)	1201	auth verify failed
#0 lavender/WebPage.php(82): Lavender\WebPage->execute('index')
#1 app/wwwroot/index.php(16): Lavender\WebPage::run(Array)
#2 {main}
2014-11-12 21:45:12	lavender/WebPage.php(190)	1301	View not found:common/error
#0 lavender/WebPage.php(213): Lavender\WebPage->render(Array)
#1 lavender/WebPage.php(139): Lavender\WebPage->render_auth_error('auth verify fai...', 1201)
#2 lavender/WebPage.php(82): Lavender\WebPage->execute('index')
#3 app/wwwroot/index.php(16): Lavender\WebPage::run(Array)
#4 {main}
2014-11-12 21:45:32	lavender/WebPage.php(127)	1201	auth verify failed
#0 lavender/WebPage.php(82): Lavender\WebPage->execute('index')
#1 app/wwwroot/index.php(16): Lavender\WebPage::run(Array)
#2 {main}
2014-11-12 21:45:32	lavender/WebPage.php(190)	1301	View not found:common/error
#0 lavender/WebPage.php(213): Lavender\WebPage->render(Array)
#1 lavender/WebPage.php(139): Lavender\WebPage->render_auth_error('auth verify fai...', 1201)
#2 lavender/WebPage.php(82): Lavender\WebPage->execute('index')
#3 app/wwwroot/index.php(16): Lavender\WebPage::run(Array)
#4 {main}
2014-11-12 21:45:52	lavender/WebPage.php(127)	1201	auth verify failed
#0 lavender/WebPage.php(82): Lavender\WebPage->execute('index')
#1 app/wwwroot/index.php(16): Lavender\WebPage::run(Array)
#2 {main}
2014-11-12 21:45:52	lavender/WebPage.php(190)	1301	View not found:common/error
#0 lavender/WebPage.php(213): Lavender\WebPage->render(Array)
#1 lavender/WebPage.php(139): Lavender\WebPage->render_auth_error('auth verify fai...', 1201)
#2 lavender/WebPage.php(82): Lavender\WebPage->execute('index')
#3 app/wwwroot/index.php(16): Lavender\WebPage::run(Array)
#4 {main}
2014-11-12 21:46:28	lavender/WebPage.php(127)	1201	auth verify failed
#0 lavender/WebPage.php(82): Lavender\WebPage->execute('index')
#1 app/wwwroot/index.php(16): Lavender\WebPage::run(Array)
#2 {main}
2014-11-12 21:46:28	lavender/WebPage.php(190)	1301	View not found:common/error
#0 lavender/WebPage.php(213): Lavender\WebPage->render(Array)
#1 lavender/WebPage.php(139): Lavender\WebPage->render_auth_error('auth verify fai...', 1201)
#2 lavender/WebPage.php(82): Lavender\WebPage->execute('index')
#3 app/wwwroot/index.php(16): Lavender\WebPage::run(Array)
#4 {main}
2014-11-12 21:46:45	lavender/WebPage.php(127)	1201	auth verify failed
#0 lavender/WebPage.php(82): Lavender\WebPage->execute('index')
#1 app/wwwroot/index.php(16): Lavender\WebPage::run(Array)
#2 {main}
2014-11-12 21:46:45	lavender/WebPage.php(190)	1301	View not found:common/error
#0 lavender/WebPage.php(213): Lavender\WebPage->render(Array)
#1 lavender/WebPage.php(139): Lavender\WebPage->render_auth_error('auth verify fai...', 1201)
#2 lavender/WebPage.php(82): Lavender\WebPage->execute('index')
#3 app/wwwroot/index.php(16): Lavender\WebPage::run(Array)
#4 {main}
2014-11-12 21:47:01	lavender/WebPage.php(127)	1201	auth verify failed
#0 lavender/WebPage.php(82): Lavender\WebPage->execute('index')
#1 app/wwwroot/index.php(16): Lavender\WebPage::run(Array)
#2 {main}
2014-11-12 21:47:01	lavender/WebPage.php(190)	1301	View not found:common/error
#0 lavender/WebPage.php(213): Lavender\WebPage->render(Array)
#1 lavender/WebPage.php(139): Lavender\WebPage->render_auth_error('auth verify fai...', 1201)
#2 lavender/WebPage.php(82): Lavender\WebPage->execute('index')
#3 app/wwwroot/index.php(16): Lavender\WebPage::run(Array)
#4 {main}
2014-11-12 21:47:02	lavender/WebPage.php(127)	1201	auth verify failed
#0 lavender/WebPage.php(82): Lavender\WebPage->execute('index')
#1 app/wwwroot/index.php(16): Lavender\WebPage::run(Array)
#2 {main}
2014-11-12 21:47:02	lavender/WebPage.php(190)	1301	View not found:common/error
#0 lavender/WebPage.php(213): Lavender\WebPage->render(Array)
#1 lavender/WebPage.php(139): Lavender\WebPage->render_auth_error('auth verify fai...', 1201)
#2 lavender/WebPage.php(82): Lavender\WebPage->execute('index')
#3 app/wwwroot/index.php(16): Lavender\WebPage::run(Array)
#4 {main}
2014-11-12 21:47:09	lavender/WebPage.php(127)	1201	auth verify failed
#0 lavender/WebPage.php(82): Lavender\WebPage->execute('index')
#1 app/wwwroot/index.php(16): Lavender\WebPage::run(Array)
#2 {main}
2014-11-12 21:47:09	lavender/WebPage.php(190)	1301	View not found:common/error
#0 lavender/WebPage.php(213): Lavender\WebPage->render(Array)
#1 lavender/WebPage.php(139): Lavender\WebPage->render_auth_error('auth verify fai...', 1201)
#2 lavender/WebPage.php(82): Lavender\WebPage->execute('index')
#3 app/wwwroot/index.php(16): Lavender\WebPage::run(Array)
#4 {main}
2014-11-12 21:47:50	lavender/WebPage.php(127)	1201	auth verify failed
#0 lavender/WebPage.php(82): Lavender\WebPage->execute('index')
#1 app/wwwroot/index.php(16): Lavender\WebPage::run(Array)
#2 {main}
2014-11-12 21:47:50	lavender/WebPage.php(190)	1301	View not found:common/error
#0 lavender/WebPage.php(213): Lavender\WebPage->render(Array)
#1 lavender/WebPage.php(139): Lavender\WebPage->render_auth_error('auth verify fai...', 1201)
#2 lavender/WebPage.php(82): Lavender\WebPage->execute('index')
#3 app/wwwroot/index.php(16): Lavender\WebPage::run(Array)
#4 {main}
2014-11-12 21:48:06	lavender/WebPage.php(127)	1201	auth verify failed
#0 lavender/WebPage.php(82): Lavender\WebPage->execute('index')
#1 app/wwwroot/index.php(16): Lavender\WebPage::run(Array)
#2 {main}
2014-11-12 21:48:06	lavender/WebPage.php(190)	1301	View not found:common/error
#0 lavender/WebPage.php(213): Lavender\WebPage->render(Array)
#1 lavender/WebPage.php(139): Lavender\WebPage->render_auth_error('auth verify fai...', 1201)
#2 lavender/WebPage.php(82): Lavender\WebPage->execute('index')
#3 app/wwwroot/index.php(16): Lavender\WebPage::run(Array)
#4 {main}
2014-11-12 21:48:07	lavender/WebPage.php(127)	1201	auth verify failed
#0 lavender/WebPage.php(82): Lavender\WebPage->execute('index')
#1 app/wwwroot/index.php(16): Lavender\WebPage::run(Array)
#2 {main}
2014-11-12 21:48:07	lavender/WebPage.php(190)	1301	View not found:common/error
#0 lavender/WebPage.php(213): Lavender\WebPage->render(Array)
#1 lavender/WebPage.php(139): Lavender\WebPage->render_auth_error('auth verify fai...', 1201)
#2 lavender/WebPage.php(82): Lavender\WebPage->execute('index')
#3 app/wwwroot/index.php(16): Lavender\WebPage::run(Array)
#4 {main}
2014-11-12 21:48:07	lavender/WebPage.php(127)	1201	auth verify failed
#0 lavender/WebPage.php(82): Lavender\WebPage->execute('index')
#1 app/wwwroot/index.php(16): Lavender\WebPage::run(Array)
#2 {main}
2014-11-12 21:48:07	lavender/WebPage.php(190)	1301	View not found:common/error
#0 lavender/WebPage.php(213): Lavender\WebPage->render(Array)
#1 lavender/WebPage.php(139): Lavender\WebPage->render_auth_error('auth verify fai...', 1201)
#2 lavender/WebPage.php(82): Lavender\WebPage->execute('index')
#3 app/wwwroot/index.php(16): Lavender\WebPage::run(Array)
#4 {main}
2014-11-12 21:48:12	lavender/WebPage.php(127)	1201	auth verify failed
#0 lavender/WebPage.php(82): Lavender\WebPage->execute('index')
#1 app/wwwroot/index.php(16): Lavender\WebPage::run(Array)
#2 {main}
2014-11-12 21:48:12	lavender/WebPage.php(190)	1301	View not found:common/error
#0 lavender/WebPage.php(213): Lavender\WebPage->render(Array)
#1 lavender/WebPage.php(139): Lavender\WebPage->render_auth_error('auth verify fai...', 1201)
#2 lavender/WebPage.php(82): Lavender\WebPage->execute('index')
#3 app/wwwroot/index.php(16): Lavender\WebPage::run(Array)
#4 {main}
2014-11-12 21:48:16	lavender/WebPage.php(190)	1301	View not found:passport/login_submit
#0 lavender/WebPage.php(135): Lavender\WebPage->render(NULL)
#1 lavender/WebPage.php(82): Lavender\WebPage->execute('login_submit')
#2 app/wwwroot/index.php(16): Lavender\WebPage::run(Array)
#3 {main}
2014-11-12 21:48:16	lavender/WebPage.php(190)	1301	View not found:common/error
#0 lavender/WebPage.php(202): Lavender\WebPage->render(Array)
#1 lavender/WebPage.php(142): Lavender\WebPage->render_error('View not found:...', 1301)
#2 lavender/WebPage.php(82): Lavender\WebPage->execute('login_submit')
#3 app/wwwroot/index.php(16): Lavender\WebPage::run(Array)
#4 {main}
2014-11-12 21:49:15	lavender/WebPage.php(190)	1301	View not found:passport/login_submit
#0 lavender/WebPage.php(135): Lavender\WebPage->render(NULL)
#1 lavender/WebPage.php(82): Lavender\WebPage->execute('login_submit')
#2 app/wwwroot/index.php(16): Lavender\WebPage::run(Array)
#3 {main}
2014-11-12 21:49:15	lavender/WebPage.php(190)	1301	View not found:common/error
#0 lavender/WebPage.php(202): Lavender\WebPage->render(Array)
#1 lavender/WebPage.php(142): Lavender\WebPage->render_error('View not found:...', 1301)
#2 lavender/WebPage.php(82): Lavender\WebPage->execute('login_submit')
#3 app/wwwroot/index.php(16): Lavender\WebPage::run(Array)
#4 {main}
2014-11-12 21:49:34	lavender/WebPage.php(190)	1301	View not found:passport/login_submit
#0 lavender/WebPage.php(135): Lavender\WebPage->render(NULL)
#1 lavender/WebPage.php(82): Lavender\WebPage->execute('login_submit')
#2 app/wwwroot/index.php(16): Lavender\WebPage::run(Array)
#3 {main}
2014-11-12 21:49:34	lavender/WebPage.php(190)	1301	View not found:common/error
#0 lavender/WebPage.php(202): Lavender\WebPage->render(Array)
#1 lavender/WebPage.php(142): Lavender\WebPage->render_error('View not found:...', 1301)
#2 lavender/WebPage.php(82): Lavender\WebPage->execute('login_submit')
#3 app/wwwroot/index.php(16): Lavender\WebPage::run(Array)
#4 {main}
2014-11-12 21:49:34	lavender/Session.php(130)	1211	session key invalid.
#0 lavender/Session.php(38): Lavender\Session->init()
#1 lavender/WebPage.php(126): Lavender\Session->is_valid()
#2 lavender/WebPage.php(82): Lavender\WebPage->execute('index')
#3 app/wwwroot/index.php(16): Lavender\WebPage::run(Array)
#4 {main}
2014-11-12 21:49:34	lavender/WebPage.php(190)	1301	View not found:common/error
#0 lavender/WebPage.php(213): Lavender\WebPage->render(Array)
#1 lavender/WebPage.php(139): Lavender\WebPage->render_auth_error('session key inv...', 1211)
#2 lavender/WebPage.php(82): Lavender\WebPage->execute('index')
#3 app/wwwroot/index.php(16): Lavender\WebPage::run(Array)
#4 {main}
2014-11-12 21:50:19	lavender/WebPage.php(127)	1201	auth verify failed
#0 lavender/WebPage.php(82): Lavender\WebPage->execute('index')
#1 app/wwwroot/index.php(16): Lavender\WebPage::run(Array)
#2 {main}
2014-11-12 21:50:19	lavender/WebPage.php(190)	1301	View not found:common/error
#0 lavender/WebPage.php(213): Lavender\WebPage->render(Array)
#1 lavender/WebPage.php(139): Lavender\WebPage->render_auth_error('auth verify fai...', 1201)
#2 lavender/WebPage.php(82): Lavender\WebPage->execute('index')
#3 app/wwwroot/index.php(16): Lavender\WebPage::run(Array)
#4 {main}
2014-11-12 21:50:29	lavender/WebPage.php(190)	1301	View not found:passport/login_submit
#0 lavender/WebPage.php(135): Lavender\WebPage->render(NULL)
#1 lavender/WebPage.php(82): Lavender\WebPage->execute('login_submit')
#2 app/wwwroot/index.php(16): Lavender\WebPage::run(Array)
#3 {main}
2014-11-12 21:50:29	lavender/WebPage.php(190)	1301	View not found:common/error
#0 lavender/WebPage.php(202): Lavender\WebPage->render(Array)
#1 lavender/WebPage.php(142): Lavender\WebPage->render_error('View not found:...', 1301)
#2 lavender/WebPage.php(82): Lavender\WebPage->execute('login_submit')
#3 app/wwwroot/index.php(16): Lavender\WebPage::run(Array)
#4 {main}
2014-11-12 21:50:29	lavender/Session.php(130)	1211	session key invalid.
#0 lavender/Session.php(38): Lavender\Session->init()
#1 lavender/WebPage.php(126): Lavender\Session->is_valid()
#2 lavender/WebPage.php(82): Lavender\WebPage->execute('index')
#3 app/wwwroot/index.php(16): Lavender\WebPage::run(Array)
#4 {main}
2014-11-12 21:50:29	lavender/WebPage.php(190)	1301	View not found:common/error
#0 lavender/WebPage.php(213): Lavender\WebPage->render(Array)
#1 lavender/WebPage.php(139): Lavender\WebPage->render_auth_error('session key inv...', 1211)
#2 lavender/WebPage.php(82): Lavender\WebPage->execute('index')
#3 app/wwwroot/index.php(16): Lavender\WebPage::run(Array)
#4 {main}
2014-11-12 21:51:28	lavender/WebPage.php(190)	1301	View not found:passport/login_submit
#0 lavender/WebPage.php(135): Lavender\WebPage->render(NULL)
#1 lavender/WebPage.php(82): Lavender\WebPage->execute('login_submit')
#2 app/wwwroot/index.php(16): Lavender\WebPage::run(Array)
#3 {main}
2014-11-12 21:51:28	lavender/WebPage.php(190)	1301	View not found:common/error
#0 lavender/WebPage.php(202): Lavender\WebPage->render(Array)
#1 lavender/WebPage.php(142): Lavender\WebPage->render_error('View not found:...', 1301)
#2 lavender/WebPage.php(82): Lavender\WebPage->execute('login_submit')
#3 app/wwwroot/index.php(16): Lavender\WebPage::run(Array)
#4 {main}
2014-11-12 21:51:28	lavender/Session.php(121)	1211	session key invalid.
#0 lavender/Session.php(35): Lavender\Session->init()
#1 lavender/WebPage.php(126): Lavender\Session->is_valid()
#2 lavender/WebPage.php(82): Lavender\WebPage->execute('index')
#3 app/wwwroot/index.php(16): Lavender\WebPage::run(Array)
#4 {main}
2014-11-12 21:51:28	lavender/WebPage.php(190)	1301	View not found:common/error
#0 lavender/WebPage.php(213): Lavender\WebPage->render(Array)
#1 lavender/WebPage.php(139): Lavender\WebPage->render_auth_error('session key inv...', 1211)
#2 lavender/WebPage.php(82): Lavender\WebPage->execute('index')
#3 app/wwwroot/index.php(16): Lavender\WebPage::run(Array)
#4 {main}
2014-11-12 21:51:51	lavender/WebPage.php(127)	1201	auth verify failed
#0 lavender/WebPage.php(82): Lavender\WebPage->execute('index')
#1 app/wwwroot/index.php(16): Lavender\WebPage::run(Array)
#2 {main}
2014-11-12 21:51:51	lavender/WebPage.php(190)	1301	View not found:common/error
#0 lavender/WebPage.php(213): Lavender\WebPage->render(Array)
#1 lavender/WebPage.php(139): Lavender\WebPage->render_auth_error('auth verify fai...', 1201)
#2 lavender/WebPage.php(82): Lavender\WebPage->execute('index')
#3 app/wwwroot/index.php(16): Lavender\WebPage::run(Array)
#4 {main}
2014-11-12 21:51:54	lavender/WebPage.php(190)	1301	View not found:passport/login_submit
#0 lavender/WebPage.php(135): Lavender\WebPage->render(NULL)
#1 lavender/WebPage.php(82): Lavender\WebPage->execute('login_submit')
#2 app/wwwroot/index.php(16): Lavender\WebPage::run(Array)
#3 {main}
2014-11-12 21:51:54	lavender/WebPage.php(190)	1301	View not found:common/error
#0 lavender/WebPage.php(202): Lavender\WebPage->render(Array)
#1 lavender/WebPage.php(142): Lavender\WebPage->render_error('View not found:...', 1301)
#2 lavender/WebPage.php(82): Lavender\WebPage->execute('login_submit')
#3 app/wwwroot/index.php(16): Lavender\WebPage::run(Array)
#4 {main}
2014-11-12 21:51:54	lavender/Session.php(121)	1211	session key invalid.
#0 lavender/Session.php(35): Lavender\Session->init()
#1 lavender/WebPage.php(126): Lavender\Session->is_valid()
#2 lavender/WebPage.php(82): Lavender\WebPage->execute('index')
#3 app/wwwroot/index.php(16): Lavender\WebPage::run(Array)
#4 {main}
2014-11-12 21:51:54	lavender/WebPage.php(190)	1301	View not found:common/error
#0 lavender/WebPage.php(213): Lavender\WebPage->render(Array)
#1 lavender/WebPage.php(139): Lavender\WebPage->render_auth_error('session key inv...', 1211)
#2 lavender/WebPage.php(82): Lavender\WebPage->execute('index')
#3 app/wwwroot/index.php(16): Lavender\WebPage::run(Array)
#4 {main}
2014-11-12 21:52:21	lavender/WebPage.php(190)	1301	View not found:passport/login_submit
#0 lavender/WebPage.php(135): Lavender\WebPage->render(NULL)
#1 lavender/WebPage.php(82): Lavender\WebPage->execute('login_submit')
#2 app/wwwroot/index.php(16): Lavender\WebPage::run(Array)
#3 {main}
2014-11-12 21:52:21	lavender/WebPage.php(190)	1301	View not found:common/error
#0 lavender/WebPage.php(202): Lavender\WebPage->render(Array)
#1 lavender/WebPage.php(142): Lavender\WebPage->render_error('View not found:...', 1301)
#2 lavender/WebPage.php(82): Lavender\WebPage->execute('login_submit')
#3 app/wwwroot/index.php(16): Lavender\WebPage::run(Array)
#4 {main}
2014-11-12 21:52:21	lavender/Session.php(122)	1211	session key invalid.
#0 lavender/Session.php(35): Lavender\Session->init()
#1 lavender/WebPage.php(126): Lavender\Session->is_valid()
#2 lavender/WebPage.php(82): Lavender\WebPage->execute('index')
#3 app/wwwroot/index.php(16): Lavender\WebPage::run(Array)
#4 {main}
2014-11-12 21:52:21	lavender/WebPage.php(190)	1301	View not found:common/error
#0 lavender/WebPage.php(213): Lavender\WebPage->render(Array)
#1 lavender/WebPage.php(139): Lavender\WebPage->render_auth_error('session key inv...', 1211)
#2 lavender/WebPage.php(82): Lavender\WebPage->execute('index')
#3 app/wwwroot/index.php(16): Lavender\WebPage::run(Array)
#4 {main}
2014-11-12 21:52:33	lavender/WebPage.php(190)	1301	View not found:passport/login_submit
#0 lavender/WebPage.php(135): Lavender\WebPage->render(NULL)
#1 lavender/WebPage.php(82): Lavender\WebPage->execute('login_submit')
#2 app/wwwroot/index.php(16): Lavender\WebPage::run(Array)
#3 {main}
2014-11-12 21:52:33	lavender/WebPage.php(190)	1301	View not found:common/error
#0 lavender/WebPage.php(202): Lavender\WebPage->render(Array)
#1 lavender/WebPage.php(142): Lavender\WebPage->render_error('View not found:...', 1301)
#2 lavender/WebPage.php(82): Lavender\WebPage->execute('login_submit')
#3 app/wwwroot/index.php(16): Lavender\WebPage::run(Array)
#4 {main}
2014-11-12 21:52:33	lavender/Session.php(122)	1211	session key invalid.
#0 lavender/Session.php(36): Lavender\Session->init()
#1 lavender/WebPage.php(126): Lavender\Session->is_valid()
#2 lavender/WebPage.php(82): Lavender\WebPage->execute('index')
#3 app/wwwroot/index.php(16): Lavender\WebPage::run(Array)
#4 {main}
2014-11-12 21:52:33	lavender/WebPage.php(190)	1301	View not found:common/error
#0 lavender/WebPage.php(213): Lavender\WebPage->render(Array)
#1 lavender/WebPage.php(139): Lavender\WebPage->render_auth_error('session key inv...', 1211)
#2 lavender/WebPage.php(82): Lavender\WebPage->execute('index')
#3 app/wwwroot/index.php(16): Lavender\WebPage::run(Array)
#4 {main}
2014-11-12 21:52:45	lavender/WebPage.php(190)	1301	View not found:passport/login_submit
#0 lavender/WebPage.php(135): Lavender\WebPage->render(NULL)
#1 lavender/WebPage.php(82): Lavender\WebPage->execute('login_submit')
#2 app/wwwroot/index.php(16): Lavender\WebPage::run(Array)
#3 {main}
2014-11-12 21:52:45	lavender/WebPage.php(190)	1301	View not found:common/error
#0 lavender/WebPage.php(202): Lavender\WebPage->render(Array)
#1 lavender/WebPage.php(142): Lavender\WebPage->render_error('View not found:...', 1301)
#2 lavender/WebPage.php(82): Lavender\WebPage->execute('login_submit')
#3 app/wwwroot/index.php(16): Lavender\WebPage::run(Array)
#4 {main}
2014-11-12 21:52:45	lavender/Session.php(122)	1211	session key invalid.
#0 lavender/Session.php(36): Lavender\Session->init()
#1 lavender/WebPage.php(126): Lavender\Session->is_valid()
#2 lavender/WebPage.php(82): Lavender\WebPage->execute('index')
#3 app/wwwroot/index.php(16): Lavender\WebPage::run(Array)
#4 {main}
2014-11-12 21:52:45	lavender/WebPage.php(190)	1301	View not found:common/error
#0 lavender/WebPage.php(213): Lavender\WebPage->render(Array)
#1 lavender/WebPage.php(139): Lavender\WebPage->render_auth_error('session key inv...', 1211)
#2 lavender/WebPage.php(82): Lavender\WebPage->execute('index')
#3 app/wwwroot/index.php(16): Lavender\WebPage::run(Array)
#4 {main}
2014-11-12 21:53:26	lavender/WebPage.php(190)	1301	View not found:passport/login_submit
#0 lavender/WebPage.php(135): Lavender\WebPage->render(NULL)
#1 lavender/WebPage.php(82): Lavender\WebPage->execute('login_submit')
#2 app/wwwroot/index.php(16): Lavender\WebPage::run(Array)
#3 {main}
2014-11-12 21:53:26	lavender/WebPage.php(190)	1301	View not found:common/error
#0 lavender/WebPage.php(202): Lavender\WebPage->render(Array)
#1 lavender/WebPage.php(142): Lavender\WebPage->render_error('View not found:...', 1301)
#2 lavender/WebPage.php(82): Lavender\WebPage->execute('login_submit')
#3 app/wwwroot/index.php(16): Lavender\WebPage::run(Array)
#4 {main}
2014-11-12 21:53:26	lavender/Session.php(122)	1211	session key invalid.
#0 lavender/Session.php(36): Lavender\Session->init()
#1 lavender/WebPage.php(126): Lavender\Session->is_valid()
#2 lavender/WebPage.php(82): Lavender\WebPage->execute('index')
#3 app/wwwroot/index.php(16): Lavender\WebPage::run(Array)
#4 {main}
2014-11-12 21:53:26	lavender/WebPage.php(190)	1301	View not found:common/error
#0 lavender/WebPage.php(213): Lavender\WebPage->render(Array)
#1 lavender/WebPage.php(139): Lavender\WebPage->render_auth_error('session key inv...', 1211)
#2 lavender/WebPage.php(82): Lavender\WebPage->execute('index')
#3 app/wwwroot/index.php(16): Lavender\WebPage::run(Array)
#4 {main}
2014-11-12 21:54:14	lavender/WebPage.php(190)	1301	View not found:passport/login_submit
#0 lavender/WebPage.php(135): Lavender\WebPage->render(NULL)
#1 lavender/WebPage.php(82): Lavender\WebPage->execute('login_submit')
#2 app/wwwroot/index.php(16): Lavender\WebPage::run(Array)
#3 {main}
2014-11-12 21:54:14	lavender/WebPage.php(190)	1301	View not found:common/error
#0 lavender/WebPage.php(202): Lavender\WebPage->render(Array)
#1 lavender/WebPage.php(142): Lavender\WebPage->render_error('View not found:...', 1301)
#2 lavender/WebPage.php(82): Lavender\WebPage->execute('login_submit')
#3 app/wwwroot/index.php(16): Lavender\WebPage::run(Array)
#4 {main}
2014-11-12 21:54:14	lavender/Session.php(125)	1211	session key invalid.
#0 lavender/Session.php(36): Lavender\Session->init()
#1 lavender/WebPage.php(126): Lavender\Session->is_valid()
#2 lavender/WebPage.php(82): Lavender\WebPage->execute('index')
#3 app/wwwroot/index.php(16): Lavender\WebPage::run(Array)
#4 {main}
2014-11-12 21:54:14	lavender/WebPage.php(190)	1301	View not found:common/error
#0 lavender/WebPage.php(213): Lavender\WebPage->render(Array)
#1 lavender/WebPage.php(139): Lavender\WebPage->render_auth_error('session key inv...', 1211)
#2 lavender/WebPage.php(82): Lavender\WebPage->execute('index')
#3 app/wwwroot/index.php(16): Lavender\WebPage::run(Array)
#4 {main}
2014-11-12 21:55:07	lavender/WebPage.php(190)	1301	View not found:passport/login_submit
#0 lavender/WebPage.php(135): Lavender\WebPage->render(NULL)
#1 lavender/WebPage.php(82): Lavender\WebPage->execute('login_submit')
#2 app/wwwroot/index.php(16): Lavender\WebPage::run(Array)
#3 {main}
2014-11-12 21:55:07	lavender/WebPage.php(190)	1301	View not found:common/error
#0 lavender/WebPage.php(202): Lavender\WebPage->render(Array)
#1 lavender/WebPage.php(142): Lavender\WebPage->render_error('View not found:...', 1301)
#2 lavender/WebPage.php(82): Lavender\WebPage->execute('login_submit')
#3 app/wwwroot/index.php(16): Lavender\WebPage::run(Array)
#4 {main}
2014-11-12 21:55:07	lavender/Session.php(127)	1211	session key invalid.
#0 lavender/Session.php(36): Lavender\Session->init()
#1 lavender/WebPage.php(126): Lavender\Session->is_valid()
#2 lavender/WebPage.php(82): Lavender\WebPage->execute('index')
#3 app/wwwroot/index.php(16): Lavender\WebPage::run(Array)
#4 {main}
2014-11-12 21:55:07	lavender/WebPage.php(190)	1301	View not found:common/error
#0 lavender/WebPage.php(213): Lavender\WebPage->render(Array)
#1 lavender/WebPage.php(139): Lavender\WebPage->render_auth_error('session key inv...', 1211)
#2 lavender/WebPage.php(82): Lavender\WebPage->execute('index')
#3 app/wwwroot/index.php(16): Lavender\WebPage::run(Array)
#4 {main}
2014-11-12 21:58:13	lavender/WebPage.php(190)	1301	View not found:passport/login_submit
#0 lavender/WebPage.php(135): Lavender\WebPage->render(NULL)
#1 lavender/WebPage.php(82): Lavender\WebPage->execute('login_submit')
#2 app/wwwroot/index.php(16): Lavender\WebPage::run(Array)
#3 {main}
2014-11-12 21:58:13	lavender/WebPage.php(190)	1301	View not found:common/error
#0 lavender/WebPage.php(202): Lavender\WebPage->render(Array)
#1 lavender/WebPage.php(142): Lavender\WebPage->render_error('View not found:...', 1301)
#2 lavender/WebPage.php(82): Lavender\WebPage->execute('login_submit')
#3 app/wwwroot/index.php(16): Lavender\WebPage::run(Array)
#4 {main}
2014-11-12 21:58:13	lavender/Session.php(128)	1211	session key invalid.
#0 lavender/Session.php(36): Lavender\Session->init()
#1 lavender/WebPage.php(126): Lavender\Session->is_valid()
#2 lavender/WebPage.php(82): Lavender\WebPage->execute('index')
#3 app/wwwroot/index.php(16): Lavender\WebPage::run(Array)
#4 {main}
2014-11-12 21:58:13	lavender/WebPage.php(190)	1301	View not found:common/error
#0 lavender/WebPage.php(213): Lavender\WebPage->render(Array)
#1 lavender/WebPage.php(139): Lavender\WebPage->render_auth_error('session key inv...', 1211)
#2 lavender/WebPage.php(82): Lavender\WebPage->execute('index')
#3 app/wwwroot/index.php(16): Lavender\WebPage::run(Array)
#4 {main}
2014-11-12 21:58:52	lavender/WebPage.php(190)	1301	View not found:passport/login_submit
#0 lavender/WebPage.php(135): Lavender\WebPage->render(NULL)
#1 lavender/WebPage.php(82): Lavender\WebPage->execute('login_submit')
#2 app/wwwroot/index.php(16): Lavender\WebPage::run(Array)
#3 {main}
2014-11-12 21:58:52	lavender/WebPage.php(190)	1301	View not found:common/error
#0 lavender/WebPage.php(202): Lavender\WebPage->render(Array)
#1 lavender/WebPage.php(142): Lavender\WebPage->render_error('View not found:...', 1301)
#2 lavender/WebPage.php(82): Lavender\WebPage->execute('login_submit')
#3 app/wwwroot/index.php(16): Lavender\WebPage::run(Array)
#4 {main}
2014-11-12 21:58:52	lavender/Db/Mysql.php(55)	1402	database connect failed,code:1045,msg:Access denied for user 'root'@'localhost' (using password: YES)
#0 lavender/Db/Mysql.php(88): Lavender\Db\Mysql->open()
#1 lavender/Db/Mysql.php(167): Lavender\Db\Mysql->execute('SELECT * FROM k...')
#2 lavender/Db/Mysql.php(148): Lavender\Db\Mysql->get_by_sql('SELECT * FROM k...', NULL, NULL)
#3 lavender/Dao/KvTable.php(102): Lavender\Db\Mysql->get('kv_session', '`id`=123')
#4 lavender/Session.php(150): Lavender\Dao\KvTable->get_raw_record(123)
#5 lavender/Session.php(132): Lavender\Session->read_data()
#6 lavender/Session.php(36): Lavender\Session->init()
#7 lavender/WebPage.php(126): Lavender\Session->is_valid()
#8 lavender/WebPage.php(82): Lavender\WebPage->execute('index')
#9 app/wwwroot/index.php(16): Lavender\WebPage::run(Array)
#10 {main}
2014-11-12 21:58:52	lavender/WebPage.php(190)	1301	View not found:common/error
#0 lavender/WebPage.php(202): Lavender\WebPage->render(Array)
#1 lavender/WebPage.php(142): Lavender\WebPage->render_error('database connec...', 1402)
#2 lavender/WebPage.php(82): Lavender\WebPage->execute('index')
#3 app/wwwroot/index.php(16): Lavender\WebPage::run(Array)
#4 {main}
2014-11-12 22:00:16	lavender/WebPage.php(190)	1301	View not found:passport/login_submit
#0 lavender/WebPage.php(135): Lavender\WebPage->render(NULL)
#1 lavender/WebPage.php(82): Lavender\WebPage->execute('login_submit')
#2 app/wwwroot/index.php(16): Lavender\WebPage::run(Array)
#3 {main}
2014-11-12 22:00:16	lavender/WebPage.php(190)	1301	View not found:common/error
#0 lavender/WebPage.php(202): Lavender\WebPage->render(Array)
#1 lavender/WebPage.php(142): Lavender\WebPage->render_error('View not found:...', 1301)
#2 lavender/WebPage.php(82): Lavender\WebPage->execute('login_submit')
#3 app/wwwroot/index.php(16): Lavender\WebPage::run(Array)
#4 {main}
2014-11-12 22:00:16	lavender/Session.php(134)	1211	session record not found on server.
#0 lavender/Session.php(36): Lavender\Session->init()
#1 lavender/WebPage.php(126): Lavender\Session->is_valid()
#2 lavender/WebPage.php(82): Lavender\WebPage->execute('index')
#3 app/wwwroot/index.php(16): Lavender\WebPage::run(Array)
#4 {main}
2014-11-12 22:00:16	lavender/WebPage.php(190)	1301	View not found:common/error
#0 lavender/WebPage.php(213): Lavender\WebPage->render(Array)
#1 lavender/WebPage.php(139): Lavender\WebPage->render_auth_error('session record ...', 1211)
#2 lavender/WebPage.php(82): Lavender\WebPage->execute('index')
#3 app/wwwroot/index.php(16): Lavender\WebPage::run(Array)
#4 {main}
2014-11-12 22:02:30	lavender/WebPage.php(190)	1301	View not found:passport/login_submit
#0 lavender/WebPage.php(135): Lavender\WebPage->render(NULL)
#1 lavender/WebPage.php(82): Lavender\WebPage->execute('login_submit')
#2 app/wwwroot/index.php(16): Lavender\WebPage::run(Array)
#3 {main}
2014-11-12 22:02:30	lavender/WebPage.php(190)	1301	View not found:common/error
#0 lavender/WebPage.php(202): Lavender\WebPage->render(Array)
#1 lavender/WebPage.php(142): Lavender\WebPage->render_error('View not found:...', 1301)
#2 lavender/WebPage.php(82): Lavender\WebPage->execute('login_submit')
#3 app/wwwroot/index.php(16): Lavender\WebPage::run(Array)
#4 {main}
2014-11-12 22:02:30	lavender/Session.php(129)	1211	session record not found on server.
#0 lavender/Session.php(36): Lavender\Session->init()
#1 lavender/WebPage.php(126): Lavender\Session->is_valid()
#2 lavender/WebPage.php(82): Lavender\WebPage->execute('index')
#3 app/wwwroot/index.php(16): Lavender\WebPage::run(Array)
#4 {main}
2014-11-12 22:02:30	lavender/WebPage.php(190)	1301	View not found:common/error
#0 lavender/WebPage.php(213): Lavender\WebPage->render(Array)
#1 lavender/WebPage.php(139): Lavender\WebPage->render_auth_error('session record ...', 1211)
#2 lavender/WebPage.php(82): Lavender\WebPage->execute('index')
#3 app/wwwroot/index.php(16): Lavender\WebPage::run(Array)
#4 {main}
2014-11-12 22:03:47	lavender/WebPage.php(190)	1301	View not found:passport/login_submit
#0 lavender/WebPage.php(135): Lavender\WebPage->render(NULL)
#1 lavender/WebPage.php(82): Lavender\WebPage->execute('login_submit')
#2 app/wwwroot/index.php(16): Lavender\WebPage::run(Array)
#3 {main}
2014-11-12 22:03:47	lavender/WebPage.php(190)	1301	View not found:common/error
#0 lavender/WebPage.php(202): Lavender\WebPage->render(Array)
#1 lavender/WebPage.php(142): Lavender\WebPage->render_error('View not found:...', 1301)
#2 lavender/WebPage.php(82): Lavender\WebPage->execute('login_submit')
#3 app/wwwroot/index.php(16): Lavender\WebPage::run(Array)
#4 {main}
2014-11-12 22:03:47	lavender/Session.php(129)	1211	session record not found on server.
#0 lavender/Session.php(36): Lavender\Session->init()
#1 lavender/WebPage.php(126): Lavender\Session->is_valid()
#2 lavender/WebPage.php(82): Lavender\WebPage->execute('index')
#3 app/wwwroot/index.php(16): Lavender\WebPage::run(Array)
#4 {main}
2014-11-12 22:03:47	lavender/WebPage.php(190)	1301	View not found:common/error
#0 lavender/WebPage.php(213): Lavender\WebPage->render(Array)
#1 lavender/WebPage.php(139): Lavender\WebPage->render_auth_error('session record ...', 1211)
#2 lavender/WebPage.php(82): Lavender\WebPage->execute('index')
#3 app/wwwroot/index.php(16): Lavender\WebPage::run(Array)
#4 {main}
2014-11-12 22:04:49	lavender/WebPage.php(190)	1301	View not found:passport/login_submit
#0 lavender/WebPage.php(135): Lavender\WebPage->render(NULL)
#1 lavender/WebPage.php(82): Lavender\WebPage->execute('login_submit')
#2 app/wwwroot/index.php(16): Lavender\WebPage::run(Array)
#3 {main}
2014-11-12 22:04:49	lavender/WebPage.php(190)	1301	View not found:common/error
#0 lavender/WebPage.php(202): Lavender\WebPage->render(Array)
#1 lavender/WebPage.php(142): Lavender\WebPage->render_error('View not found:...', 1301)
#2 lavender/WebPage.php(82): Lavender\WebPage->execute('login_submit')
#3 app/wwwroot/index.php(16): Lavender\WebPage::run(Array)
#4 {main}
2014-11-12 22:04:49	lavender/Session.php(129)	1211	session record not found on server.
#0 lavender/Session.php(36): Lavender\Session->init()
#1 lavender/WebPage.php(126): Lavender\Session->is_valid()
#2 lavender/WebPage.php(82): Lavender\WebPage->execute('index')
#3 app/wwwroot/index.php(16): Lavender\WebPage::run(Array)
#4 {main}
2014-11-12 22:04:49	lavender/WebPage.php(190)	1301	View not found:common/error
#0 lavender/WebPage.php(213): Lavender\WebPage->render(Array)
#1 lavender/WebPage.php(139): Lavender\WebPage->render_auth_error('session record ...', 1211)
#2 lavender/WebPage.php(82): Lavender\WebPage->execute('index')
#3 app/wwwroot/index.php(16): Lavender\WebPage::run(Array)
#4 {main}
2014-11-12 22:05:12	lavender/WebPage.php(190)	1301	View not found:passport/login_submit
#0 lavender/WebPage.php(135): Lavender\WebPage->render(NULL)
#1 lavender/WebPage.php(82): Lavender\WebPage->execute('login_submit')
#2 app/wwwroot/index.php(16): Lavender\WebPage::run(Array)
#3 {main}
2014-11-12 22:05:12	lavender/WebPage.php(190)	1301	View not found:common/error
#0 lavender/WebPage.php(202): Lavender\WebPage->render(Array)
#1 lavender/WebPage.php(142): Lavender\WebPage->render_error('View not found:...', 1301)
#2 lavender/WebPage.php(82): Lavender\WebPage->execute('login_submit')
#3 app/wwwroot/index.php(16): Lavender\WebPage::run(Array)
#4 {main}
2014-11-12 22:05:27	lavender/WebPage.php(190)	1301	View not found:passport/login_submit
#0 lavender/WebPage.php(135): Lavender\WebPage->render(NULL)
#1 lavender/WebPage.php(82): Lavender\WebPage->execute('login_submit')
#2 app/wwwroot/index.php(16): Lavender\WebPage::run(Array)
#3 {main}
2014-11-12 22:05:27	lavender/WebPage.php(190)	1301	View not found:common/error
#0 lavender/WebPage.php(202): Lavender\WebPage->render(Array)
#1 lavender/WebPage.php(142): Lavender\WebPage->render_error('View not found:...', 1301)
#2 lavender/WebPage.php(82): Lavender\WebPage->execute('login_submit')
#3 app/wwwroot/index.php(16): Lavender\WebPage::run(Array)
#4 {main}
2014-11-12 22:06:06	lavender/WebPage.php(190)	1301	View not found:passport/login_submit
#0 lavender/WebPage.php(135): Lavender\WebPage->render(NULL)
#1 lavender/WebPage.php(82): Lavender\WebPage->execute('login_submit')
#2 app/wwwroot/index.php(16): Lavender\WebPage::run(Array)
#3 {main}
2014-11-12 22:06:06	lavender/WebPage.php(190)	1301	View not found:common/error
#0 lavender/WebPage.php(202): Lavender\WebPage->render(Array)
#1 lavender/WebPage.php(142): Lavender\WebPage->render_error('View not found:...', 1301)
#2 lavender/WebPage.php(82): Lavender\WebPage->execute('login_submit')
#3 app/wwwroot/index.php(16): Lavender\WebPage::run(Array)
#4 {main}
2014-11-12 22:06:15	lavender/WebPage.php(190)	1301	View not found:passport/login_submit
#0 lavender/WebPage.php(135): Lavender\WebPage->render(NULL)
#1 lavender/WebPage.php(82): Lavender\WebPage->execute('login_submit')
#2 app/wwwroot/index.php(16): Lavender\WebPage::run(Array)
#3 {main}
2014-11-12 22:06:15	lavender/WebPage.php(190)	1301	View not found:common/error
#0 lavender/WebPage.php(202): Lavender\WebPage->render(Array)
#1 lavender/WebPage.php(142): Lavender\WebPage->render_error('View not found:...', 1301)
#2 lavender/WebPage.php(82): Lavender\WebPage->execute('login_submit')
#3 app/wwwroot/index.php(16): Lavender\WebPage::run(Array)
#4 {main}
2014-11-12 22:06:30	lavender/WebPage.php(190)	1301	View not found:passport/login_submit
#0 lavender/WebPage.php(135): Lavender\WebPage->render(NULL)
#1 lavender/WebPage.php(82): Lavender\WebPage->execute('login_submit')
#2 app/wwwroot/index.php(16): Lavender\WebPage::run(Array)
#3 {main}
2014-11-12 22:06:30	lavender/WebPage.php(190)	1301	View not found:common/error
#0 lavender/WebPage.php(202): Lavender\WebPage->render(Array)
#1 lavender/WebPage.php(142): Lavender\WebPage->render_error('View not found:...', 1301)
#2 lavender/WebPage.php(82): Lavender\WebPage->execute('login_submit')
#3 app/wwwroot/index.php(16): Lavender\WebPage::run(Array)
#4 {main}
2014-11-12 22:06:50	lavender/WebPage.php(190)	1301	View not found:passport/login_submit
#0 lavender/WebPage.php(135): Lavender\WebPage->render(NULL)
#1 lavender/WebPage.php(82): Lavender\WebPage->execute('login_submit')
#2 app/wwwroot/index.php(16): Lavender\WebPage::run(Array)
#3 {main}
2014-11-12 22:06:50	lavender/WebPage.php(190)	1301	View not found:common/error
#0 lavender/WebPage.php(202): Lavender\WebPage->render(Array)
#1 lavender/WebPage.php(142): Lavender\WebPage->render_error('View not found:...', 1301)
#2 lavender/WebPage.php(82): Lavender\WebPage->execute('login_submit')
#3 app/wwwroot/index.php(16): Lavender\WebPage::run(Array)
#4 {main}
2014-11-12 22:07:59	lavender/WebPage.php(190)	1301	View not found:passport/login_submit
#0 lavender/WebPage.php(135): Lavender\WebPage->render(NULL)
#1 lavender/WebPage.php(82): Lavender\WebPage->execute('login_submit')
#2 app/wwwroot/index.php(16): Lavender\WebPage::run(Array)
#3 {main}
2014-11-12 22:07:59	lavender/WebPage.php(190)	1301	View not found:common/error
#0 lavender/WebPage.php(202): Lavender\WebPage->render(Array)
#1 lavender/WebPage.php(142): Lavender\WebPage->render_error('View not found:...', 1301)
#2 lavender/WebPage.php(82): Lavender\WebPage->execute('login_submit')
#3 app/wwwroot/index.php(16): Lavender\WebPage::run(Array)
#4 {main}
2014-11-12 22:08:33	lavender/WebPage.php(190)	1301	View not found:passport/login_submit
#0 lavender/WebPage.php(135): Lavender\WebPage->render(NULL)
#1 lavender/WebPage.php(82): Lavender\WebPage->execute('login_submit')
#2 app/wwwroot/index.php(16): Lavender\WebPage::run(Array)
#3 {main}
2014-11-12 22:08:33	lavender/WebPage.php(190)	1301	View not found:common/error
#0 lavender/WebPage.php(202): Lavender\WebPage->render(Array)
#1 lavender/WebPage.php(142): Lavender\WebPage->render_error('View not found:...', 1301)
#2 lavender/WebPage.php(82): Lavender\WebPage->execute('login_submit')
#3 app/wwwroot/index.php(16): Lavender\WebPage::run(Array)
#4 {main}
2014-11-12 22:09:00	lavender/WebPage.php(190)	1301	View not found:passport/login_submit
#0 lavender/WebPage.php(135): Lavender\WebPage->render(NULL)
#1 lavender/WebPage.php(82): Lavender\WebPage->execute('login_submit')
#2 app/wwwroot/index.php(16): Lavender\WebPage::run(Array)
#3 {main}
2014-11-12 22:09:00	lavender/WebPage.php(190)	1301	View not found:common/error
#0 lavender/WebPage.php(202): Lavender\WebPage->render(Array)
#1 lavender/WebPage.php(142): Lavender\WebPage->render_error('View not found:...', 1301)
#2 lavender/WebPage.php(82): Lavender\WebPage->execute('login_submit')
#3 app/wwwroot/index.php(16): Lavender\WebPage::run(Array)
#4 {main}
2014-11-12 22:09:12	lavender/WebPage.php(190)	1301	View not found:passport/login_submit
#0 lavender/WebPage.php(135): Lavender\WebPage->render(NULL)
#1 lavender/WebPage.php(82): Lavender\WebPage->execute('login_submit')
#2 app/wwwroot/index.php(16): Lavender\WebPage::run(Array)
#3 {main}
2014-11-12 22:09:12	lavender/WebPage.php(190)	1301	View not found:common/error
#0 lavender/WebPage.php(202): Lavender\WebPage->render(Array)
#1 lavender/WebPage.php(142): Lavender\WebPage->render_error('View not found:...', 1301)
#2 lavender/WebPage.php(82): Lavender\WebPage->execute('login_submit')
#3 app/wwwroot/index.php(16): Lavender\WebPage::run(Array)
#4 {main}
2014-11-12 22:11:02	lavender/WebPage.php(190)	1301	View not found:passport/login_submit
#0 lavender/WebPage.php(135): Lavender\WebPage->render(NULL)
#1 lavender/WebPage.php(82): Lavender\WebPage->execute('login_submit')
#2 app/wwwroot/index.php(16): Lavender\WebPage::run(Array)
#3 {main}
2014-11-12 22:11:02	lavender/WebPage.php(190)	1301	View not found:common/error
#0 lavender/WebPage.php(202): Lavender\WebPage->render(Array)
#1 lavender/WebPage.php(142): Lavender\WebPage->render_error('View not found:...', 1301)
#2 lavender/WebPage.php(82): Lavender\WebPage->execute('login_submit')
#3 app/wwwroot/index.php(16): Lavender\WebPage::run(Array)
#4 {main}
2014-11-12 22:11:29	lavender/WebPage.php(190)	1301	View not found:passport/login_submit
#0 lavender/WebPage.php(135): Lavender\WebPage->render(NULL)
#1 lavender/WebPage.php(82): Lavender\WebPage->execute('login_submit')
#2 app/wwwroot/index.php(16): Lavender\WebPage::run(Array)
#3 {main}
2014-11-12 22:11:29	lavender/WebPage.php(190)	1301	View not found:common/error
#0 lavender/WebPage.php(202): Lavender\WebPage->render(Array)
#1 lavender/WebPage.php(142): Lavender\WebPage->render_error('View not found:...', 1301)
#2 lavender/WebPage.php(82): Lavender\WebPage->execute('login_submit')
#3 app/wwwroot/index.php(16): Lavender\WebPage::run(Array)
#4 {main}
2014-11-12 23:00:17	lavender/Session.php(145)	1212	session timeout on server side.
#0 lavender/Session.php(125): Lavender\Session->read_data()
#1 lavender/Session.php(35): Lavender\Session->init()
#2 lavender/WebPage.php(126): Lavender\Session->is_valid()
#3 lavender/WebPage.php(82): Lavender\WebPage->execute('index')
#4 app/wwwroot/index.php(16): Lavender\WebPage::run(Array)
#5 {main}
2014-11-12 23:00:17	lavender/WebPage.php(190)	1301	View not found:common/error
#0 lavender/WebPage.php(213): Lavender\WebPage->render(Array)
#1 lavender/WebPage.php(139): Lavender\WebPage->render_auth_error('session timeout...', 1212)
#2 lavender/WebPage.php(82): Lavender\WebPage->execute('index')
#3 app/wwwroot/index.php(16): Lavender\WebPage::run(Array)
#4 {main}
